Android/launcher/build/intermediates/manifest_merge_blame_file/debug/manifest-merger-blame-debug-report.txt
1<?xml version="1.0" encoding="utf-8"?>
2<!-- GENERATED BY UNITY. REMOVE THIS COMMENT TO PREVENT OVERWRITING WHEN EXPORTING AGAIN -->
3<manifest xmlns:android="http://schemas.android.com/apk/res/android"
4    package="com.cd.handypotter"
5    android:installLocation="preferExternal"
6    android:versionCode="1"
7    android:versionName="0.1" >
8
9    <uses-sdk
10        android:minSdkVersion="19"
10-->src\main\AndroidManifest.xml
11        android:targetSdkVersion="28" />
11-->src\main\AndroidManifest.xml
12
13    <supports-screens
13-->src\main\AndroidManifest.xml:4:3-163
14        android:anyDensity="true"
14-->src\main\AndroidManifest.xml:4:135-160
15        android:largeScreens="true"
15-->src\main\AndroidManifest.xml:4:78-105
16        android:normalScreens="true"
16-->src\main\AndroidManifest.xml:4:49-77
17        android:smallScreens="true"
17-->src\main\AndroidManifest.xml:4:21-48
18        android:xlargeScreens="true" />
18-->src\main\AndroidManifest.xml:4:106-134
19
20    <uses-feature android:glEsVersion="0x00020000" />
20-->[:unityLibrary] AndroidManifest.xml:13:5-54
20-->[:unityLibrary] AndroidManifest.xml:13:19-51
21
22    <uses-permission android:name="android.permission.INTERNET" />
22-->[:unityLibrary] AndroidManifest.xml:15:5-67
22-->[:unityLibrary] AndroidManifest.xml:15:22-64
23    <uses-permission android:name="android.permission.CHANGE_WIFI_MULTICAST_STATE" />
23-->[:unityLibrary] AndroidManifest.xml:16:5-86
23-->[:unityLibrary] AndroidManifest.xml:16:22-83
24    <uses-permission android:name="android.permission.RECORD_AUDIO" />
24-->[:unityLibrary] AndroidManifest.xml:17:5-71
24-->[:unityLibrary] AndroidManifest.xml:17:22-68
25    <uses-permission android:name="android.permission.WRITE_EXTERNAL_STORAGE" />
25-->[:unityLibrary] AndroidManifest.xml:18:5-81
25-->[:unityLibrary] AndroidManifest.xml:18:22-78
26    <uses-permission android:name="android.permission.READ_EXTERNAL_STORAGE" />
26-->[:unityLibrary] AndroidManifest.xml:19:5-80
26-->[:unityLibrary] AndroidManifest.xml:19:22-77
27    <uses-permission android:name="android.permission.CHANGE_WIFI_MULTICAST_STATE" />
27-->[:unityLibrary] AndroidManifest.xml:16:5-86
27-->[:unityLibrary] AndroidManifest.xml:16:22-83
28
29    <uses-feature
29-->[:unityLibrary] AndroidManifest.xml:22:5-24:36
30        android:name="android.hardware.touchscreen"
30-->[:unityLibrary] AndroidManifest.xml:23:9-52
31        android:required="false" />
31-->[:unityLibrary] AndroidManifest.xml:24:9-33
32    <uses-feature
32-->[:unityLibrary] AndroidManifest.xml:25:5-27:36
33        android:name="android.hardware.touchscreen.multitouch"
33-->[:unityLibrary] AndroidManifest.xml:26:9-63
34        android:required="false" />
34-->[:unityLibrary] AndroidManifest.xml:27:9-33
35    <uses-feature
35-->[:unityLibrary] AndroidManifest.xml:28:5-30:36
36        android:name="android.hardware.touchscreen.multitouch.distinct"
36-->[:unityLibrary] AndroidManifest.xml:29:9-72
37        android:required="false" />
37-->[:unityLibrary] AndroidManifest.xml:30:9-33
38
39    <uses-permission android:name="android.permission.ACCESS_NETWORK_STATE" />
39-->[:UnityAds:] AndroidManifest.xml:11:5-79
39-->[:UnityAds:] AndroidManifest.xml:11:22-76
40
41    <application
41-->src\main\AndroidManifest.xml:5:3-121
42        android:allowBackup="true"
42-->[com.naver.speech.clientapi:naverspeech-ncp-sdk-android:1.1.7] AndroidManifest.xml:14:18-44
43        android:appComponentFactory="androidx.core.app.CoreComponentFactory"
43-->[androidx.core:core:1.1.0] AndroidManifest.xml:24:18-86
44        android:banner="@drawable/app_banner"
44-->src\main\AndroidManifest.xml:5:81-118
45        android:debuggable="true"
46        android:icon="@mipmap/app_icon"
46-->src\main\AndroidManifest.xml:5:49-80
47        android:isGame="true"
47-->[:unityLibrary] AndroidManifest.xml:33:9-30
48        android:label="@string/app_name"
48-->src\main\AndroidManifest.xml:5:16-48
49        android:roundIcon="@drawable/icon"
49-->[:unityLibrary] AndroidManifest.xml:35:9-43
50        android:theme="@style/AppTheme"
50-->[:unityLibrary] AndroidManifest.xml:36:9-40
51        android:usesCleartextTraffic="true" >
51-->[:unityLibrary] AndroidManifest.xml:37:9-44
52        <activity
52-->[:unityLibrary] AndroidManifest.xml:38:9-55:20
53            android:name="com.unity3d.player.UnityPlayerActivity"
53-->[:unityLibrary] AndroidManifest.xml:39:13-66
54            android:configChanges="mcc|mnc|locale|touchscreen|keyboard|keyboardHidden|navigation|orientation|screenLayout|uiMode|screenSize|smallestScreenSize|fontScale|layoutDirection|density"
54-->[:unityLibrary] AndroidManifest.xml:40:13-194
55            android:hardwareAccelerated="false"
55-->[:unityLibrary] AndroidManifest.xml:41:13-48
56            android:launchMode="singleTask"
56-->[:unityLibrary] AndroidManifest.xml:42:13-44
57            android:screenOrientation="fullSensor"
57-->[:unityLibrary] AndroidManifest.xml:43:13-51
58            android:theme="@style/AppTheme" >
58-->[:unityLibrary] AndroidManifest.xml:44:13-44
59            <intent-filter>
59-->[:unityLibrary] AndroidManifest.xml:45:13-50:29
60                <action android:name="android.intent.action.MAIN" />
60-->[:unityLibrary] AndroidManifest.xml:46:17-69
60-->[:unityLibrary] AndroidManifest.xml:46:25-66
61
62                <category android:name="android.intent.category.LAUNCHER" />
62-->[:unityLibrary] AndroidManifest.xml:48:17-77
62-->[:unityLibrary] AndroidManifest.xml:48:27-74
63                <category android:name="android.intent.category.LEANBACK_LAUNCHER" />
63-->[:unityLibrary] AndroidManifest.xml:49:17-86
63-->[:unityLibrary] AndroidManifest.xml:49:27-83
64            </intent-filter>
65
66            <meta-data
66-->[:unityLibrary] AndroidManifest.xml:52:13-54:40
67                android:name="unityplayer.UnityActivity"
67-->[:unityLibrary] AndroidManifest.xml:53:17-57
68                android:value="true" />
68-->[:unityLibrary] AndroidManifest.xml:54:17-37
69        </activity>
70        <activity android:name="com.unity3d.player.Frag3.SearchActivity" />
70-->[:unityLibrary] AndroidManifest.xml:56:9-76
70-->[:unityLibrary] AndroidManifest.xml:56:19-73
71        <activity android:name="com.unity3d.player.Frag3.SLByThemeActivity" />
71-->[:unityLibrary] AndroidManifest.xml:57:9-79
71-->[:unityLibrary] AndroidManifest.xml:57:19-76
72
73        <meta-data
73-->[:unityLibrary] AndroidManifest.xml:59:9-61:33
74            android:name="unity.splash-mode"
74-->[:unityLibrary] AndroidManifest.xml:60:13-45
75            android:value="0" />
75-->[:unityLibrary] AndroidManifest.xml:61:13-30
76        <meta-data
76-->[:unityLibrary] AndroidManifest.xml:62:9-64:36
77            android:name="unity.splash-enable"
77-->[:unityLibrary] AndroidManifest.xml:63:13-47
78            android:value="True" />
78-->[:unityLibrary] AndroidManifest.xml:64:13-33
79        <meta-data
79-->[:unityLibrary] AndroidManifest.xml:65:9-67:68
80            android:name="unity.build-id"
80-->[:unityLibrary] AndroidManifest.xml:66:13-42
81            android:value="c1e73e4e-12f6-44d6-ae89-f231ee339707" />
81-->[:unityLibrary] AndroidManifest.xml:67:13-65
82
83        <activity
83-->[:UnityAds:] AndroidManifest.xml:15:9-19:74
84            android:name="com.unity3d.services.ads.adunit.AdUnitActivity"
84-->[:UnityAds:] AndroidManifest.xml:16:13-74
85            android:configChanges="fontScale|keyboard|keyboardHidden|locale|mnc|mcc|navigation|orientation|screenLayout|screenSize|smallestScreenSize|uiMode|touchscreen"
85-->[:UnityAds:] AndroidManifest.xml:17:13-170
86            android:hardwareAccelerated="true"
86-->[:UnityAds:] AndroidManifest.xml:18:13-47
87            android:theme="@android:style/Theme.NoTitleBar.Fullscreen" />
87-->[:UnityAds:] AndroidManifest.xml:19:13-71
88        <activity
88-->[:UnityAds:] AndroidManifest.xml:20:9-24:86
89            android:name="com.unity3d.services.ads.adunit.AdUnitTransparentActivity"
89-->[:UnityAds:] AndroidManifest.xml:21:13-85
90            android:configChanges="fontScale|keyboard|keyboardHidden|locale|mnc|mcc|navigation|orientation|screenLayout|screenSize|smallestScreenSize|uiMode|touchscreen"
90-->[:UnityAds:] AndroidManifest.xml:22:13-170
91            android:hardwareAccelerated="true"
91-->[:UnityAds:] AndroidManifest.xml:23:13-47
92            android:theme="@android:style/Theme.Translucent.NoTitleBar.Fullscreen" />
92-->[:UnityAds:] AndroidManifest.xml:24:13-83
93        <activity
93-->[:UnityAds:] AndroidManifest.xml:25:9-29:86
94            android:name="com.unity3d.services.ads.adunit.AdUnitTransparentSoftwareActivity"
94-->[:UnityAds:] AndroidManifest.xml:26:13-93
95            android:configChanges="fontScale|keyboard|keyboardHidden|locale|mnc|mcc|navigation|orientation|screenLayout|screenSize|smallestScreenSize|uiMode|touchscreen"
95-->[:UnityAds:] AndroidManifest.xml:27:13-170
96            android:hardwareAccelerated="false"
96-->[:UnityAds:] AndroidManifest.xml:28:13-48
97            android:theme="@android:style/Theme.Translucent.NoTitleBar.Fullscreen" />
97-->[:UnityAds:] AndroidManifest.xml:29:13-83
98        <activity
98-->[:UnityAds:] AndroidManifest.xml:30:9-34:74
99            android:name="com.unity3d.services.ads.adunit.AdUnitSoftwareActivity"
99-->[:UnityAds:] AndroidManifest.xml:31:13-82
100            android:configChanges="fontScale|keyboard|keyboardHidden|locale|mnc|mcc|navigation|orientation|screenLayout|screenSize|smallestScreenSize|uiMode|touchscreen"
100-->[:UnityAds:] AndroidManifest.xml:32:13-170
101            android:hardwareAccelerated="false"
101-->[:UnityAds:] AndroidManifest.xml:33:13-48
102            android:theme="@android:style/Theme.NoTitleBar.Fullscreen" />
102-->[:UnityAds:] AndroidManifest.xml:34:13-71
103
104        <provider
104-->[androidx.lifecycle:lifecycle-process:2.0.0] AndroidManifest.xml:23:9-27:43
105            android:name="androidx.lifecycle.ProcessLifecycleOwnerInitializer"
105-->[androidx.lifecycle:lifecycle-process:2.0.0] AndroidManifest.xml:24:13-79
106            android:authorities="com.cd.handypotter.lifecycle-process"
106-->[androidx.lifecycle:lifecycle-process:2.0.0] AndroidManifest.xml:25:13-69
107            android:exported="false"
107-->[androidx.lifecycle:lifecycle-process:2.0.0] AndroidManifest.xml:26:13-37
108            android:multiprocess="true" />
108-->[androidx.lifecycle:lifecycle-process:2.0.0] AndroidManifest.xml:27:13-40
109    </application>
110
111</manifest>